##------ Tue Jan  4 12:13:11 2022 ------##
Filename: ../PHY.NEW/cerris.2022-01-04.m15.phy
Loci included in phylip file:
	locus.57
	locus.268
	locus.399
	locus.430
	locus.438
	locus.606
	locus.716
	locus.778
	locus.810
	locus.893
	locus.1024
	locus.1084
	locus.1168
	locus.1245
	locus.1375
	locus.1459
	locus.1548
	locus.1569
	locus.1687
	locus.1746
	locus.1845
	locus.1921
	locus.1980
	locus.1983
	locus.2044
	locus.2093
	locus.2106
	locus.2264
	locus.2288
	locus.2321
	locus.2441
	locus.2473
	locus.2626
	locus.2731
	locus.2836
	locus.2848
	locus.2866
	locus.2917
	locus.2979
	locus.3056
	locus.3079
	locus.3083
	locus.3099
	locus.3112
	locus.3150
	locus.3168
	locus.3173
	locus.3205
	locus.3213
	locus.3231
	locus.3244
	locus.3279
	locus.3290
	locus.3306
	locus.3323
	locus.3325
	locus.3340
	locus.3345
	locus.3362
	locus.3392
	locus.3412
	locus.3431
	locus.3434
	locus.3457
	locus.3481
	locus.3496
	locus.3537
	locus.3581
	locus.3654
	locus.3678
	locus.3691
	locus.3716
	locus.3726
	locus.3774
	locus.3777
	locus.3787
	locus.3811
	locus.3883
	locus.3898
	locus.3914
	locus.3944
	locus.3992
	locus.3993
	locus.4019
	locus.4041
	locus.4046
	locus.4064
	locus.4109
	locus.4128
	locus.4154
	locus.4187
	locus.4232
	locus.4276
	locus.4349
	locus.4364
	locus.4384
	locus.4394
	locus.4434
	locus.4468
	locus.4519
	locus.4604
	locus.4619
	locus.4632
	locus.4641
	locus.4649
	locus.4667
	locus.4680
	locus.4685
	locus.4690
	locus.4723
	locus.4726
	locus.4757
	locus.4779
	locus.4789
	locus.4811
	locus.4839
	locus.4875
	locus.4876
	locus.4906
	locus.4908
	locus.4921
	locus.4938
	locus.4948
	locus.4957
	locus.5012
	locus.5019
	locus.5028
	locus.5046
	locus.5058
	locus.5078
	locus.5096
	locus.5100
	locus.5101
	locus.5109
	locus.5112
	locus.5127
	locus.5128
	locus.5130
	locus.5133
	locus.5148
	locus.5163
	locus.5175
	locus.5177
	locus.5201
	locus.5203
	locus.5208
	locus.5212
	locus.5217
	locus.5229
	locus.5242
	locus.5249
	locus.5257
	locus.5265
	locus.5291
	locus.5292
	locus.5326
	locus.5330
	locus.5337
	locus.5344
	locus.5395
	locus.5408
	locus.5422
	locus.5423
	locus.5429
	locus.5441
	locus.5451
	locus.5458
	locus.5464
	locus.5468
	locus.5484
	locus.5491
	locus.5492
	locus.5510
	locus.5528
	locus.5540
	locus.5554
	locus.5579
	locus.5628
	locus.5650
	locus.5654
	locus.5692
	locus.5719
	locus.5739
	locus.5746
	locus.5748
	locus.5753
	locus.5755
	locus.5760
	locus.5761
	locus.5772
	locus.5774
	locus.5790
	locus.5797
	locus.5824
	locus.5841
	locus.5847
	locus.5881
	locus.5884
	locus.5894
	locus.5903
	locus.5908
	locus.5924
	locus.5948
	locus.5951
	locus.5953
	locus.5959
	locus.5964
	locus.5983
	locus.5988
	locus.5992
	locus.5994
	locus.5998
	locus.6003
	locus.6006
	locus.6015
	locus.6026
	locus.6031
	locus.6050
	locus.6062
	locus.6071
	locus.6076
	locus.6108
	locus.6112
	locus.6127
	locus.6136
	locus.6163
	locus.6175
	locus.6179
	locus.6276
	locus.6303
	locus.6313
	locus.6345
	locus.6362
	locus.6385
	locus.6388
	locus.6454
	locus.6471
	locus.6502
	locus.6511
	locus.6572
	locus.6646
	locus.6691
	locus.6769
	locus.6787
	locus.6791
	locus.6907
	locus.6921
	locus.6929
	locus.6938
	locus.6944
	locus.7051
	locus.7112
	locus.7147
	locus.7190
	locus.7201
	locus.7227
	locus.7241
	locus.7242
	locus.7262
	locus.7295
	locus.7302
	locus.7325
	locus.7334
	locus.7369
	locus.7405
	locus.7408
	locus.7419
	locus.7475
	locus.7535
	locus.7562
	locus.7563
	locus.7588
	locus.7607
	locus.7613
	locus.7627
	locus.7652
	locus.7698
	locus.7744
	locus.7804
	locus.7825
	locus.7840
	locus.7880
	locus.7899
	locus.7901
	locus.7948
	locus.7968
	locus.7970
	locus.8044
	locus.8053
	locus.8089
	locus.8091
	locus.8099
	locus.8127
	locus.8188
	locus.8207
	locus.8248
	locus.8322
	locus.8420
	locus.8453
	locus.8501
	locus.8512
	locus.8519
	locus.8523
	locus.8531
	locus.8600
	locus.8605
	locus.8625
	locus.8629
	locus.8650
	locus.8672
	locus.8678
	locus.8760
	locus.8841
	locus.8875
	locus.8879
	locus.8882
	locus.8885
	locus.8889
	locus.8900
	locus.8902
	locus.8924
	locus.8936
	locus.8980
	locus.9012
	locus.9118
	locus.9143
	locus.9172
	locus.9194
	locus.9220
	locus.9246
	locus.9253
	locus.9263
	locus.9283
	locus.9287
	locus.9344
	locus.9347
	locus.9355
	locus.9398
	locus.9434
	locus.9537
	locus.9541
	locus.9554
	locus.9566
	locus.9576
	locus.9618
	locus.9646
	locus.9659
	locus.9675
	locus.9704
	locus.9737
	locus.9738
	locus.9766
	locus.9808
	locus.9828
	locus.9833
	locus.9875
	locus.9912
	locus.9958
	locus.9965
	locus.10012
	locus.10020
	locus.10108
	locus.10125
	locus.10127
	locus.10139
	locus.10157
	locus.10163
	locus.10179
	locus.10204
	locus.10215
	locus.10222
	locus.10223
	locus.10245
	locus.10272
	locus.10298
	locus.10301
	locus.10315
	locus.10321
	locus.10330
	locus.10340
	locus.10347
	locus.10353
	locus.10354
	locus.10356
	locus.10358
	locus.10361
	locus.10364
	locus.10379
	locus.10383
	locus.10392
	locus.10393
	locus.10401
	locus.10405
	locus.10415
	locus.10428
	locus.10437
	locus.10438
	locus.10443
	locus.10447
	locus.10448
	locus.10452
	locus.10455
	locus.10457
	locus.10459
	locus.10462
	locus.10469
	locus.10470
	locus.10485
	locus.10488
	locus.10490
	locus.10494
	locus.10499
	locus.10500
	locus.10518
	locus.10542
	locus.10544
	locus.10545
	locus.10550
	locus.10552
	locus.10559
	locus.10577
	locus.10588
	locus.10589
	locus.10590
	locus.10591
	locus.10592
	locus.10594
	locus.10595
	locus.10596
	locus.10597
	locus.10598
	locus.10599
	locus.10601
	locus.10602
	locus.10604
	locus.10605
	locus.10609
	locus.10610
	locus.10611
	locus.10612
	locus.10614
	locus.10615
	locus.10617
	locus.10618
	locus.10620
	locus.10621
	locus.10622
	locus.10623
	locus.10625
	locus.10626
	locus.10627
	locus.10628
	locus.10630
	locus.10631
	locus.10632
	locus.10633
	locus.10634
	locus.10635
	locus.10639
	locus.10640
	locus.10641
	locus.10644
	locus.10646
	locus.10647
	locus.10648
	locus.10649
	locus.10650
	locus.10652
	locus.10656
	locus.10658
	locus.10661
	locus.10662
	locus.10663
	locus.10664
	locus.10666
	locus.10668
	locus.10669
	locus.10670
	locus.10671
	locus.10673
	locus.10676
	locus.10677
	locus.10679
	locus.10680
	locus.10681
	locus.10684
	locus.10685
	locus.10686
	locus.10687
	locus.10690
	locus.10692
	locus.10693
	locus.10694
	locus.10697
	locus.10698
	locus.10699
	locus.10700
	locus.10701
	locus.10702
	locus.10703
	locus.10705
	locus.10707
	locus.10708
	locus.10709
	locus.10710
	locus.10711
	locus.10712
	locus.10713
	locus.10714
	locus.10715
	locus.10716
	locus.10718
	locus.10719
	locus.10724
	locus.10725
	locus.10727
	locus.10728
	locus.10729
	locus.10731
	locus.10732
	locus.10734
	locus.10735
	locus.10736
	locus.10737
	locus.10738
	locus.10739
	locus.10740
	locus.10741
	locus.10742
	locus.10743
	locus.10745
	locus.10746
	locus.10747
	locus.10748
	locus.10749
	locus.10753
	locus.10754
	locus.10756
	locus.10757
	locus.10758
	locus.10759
	locus.10760
	locus.10761
	locus.10762
	locus.10764
	locus.10765
	locus.10766
	locus.10769
	locus.10770
	locus.10772
	locus.10774
	locus.10775
	locus.10776
	locus.10778
	locus.10779
	locus.10781
	locus.10783
	locus.10784
	locus.10785
	locus.10787
	locus.10788
	locus.10789
	locus.10790
	locus.10791
	locus.10792
	locus.10793
	locus.10795
	locus.10796
	locus.10797
	locus.10798
	locus.10800
	locus.10801
	locus.10804
	locus.10805
	locus.10806
	locus.10807
	locus.10808
	locus.10810
	locus.10811
	locus.10812
	locus.10813
	locus.10815
	locus.10816
	locus.10817
	locus.10818
	locus.10819
	locus.10821
	locus.10823
	locus.10825
	locus.10826
	locus.10827
	locus.10829
	locus.10834
	locus.10835
	locus.10836
	locus.10839
	locus.10840
	locus.10842
	locus.10845
	locus.10848
	locus.10852
	locus.10853
	locus.10855
	locus.10856
	locus.10857
	locus.10858
	locus.10860
	locus.10862
	locus.10863
	locus.10864
	locus.10865
	locus.10866
	locus.10867
	locus.10868
	locus.10869
	locus.10871
	locus.10872
	locus.10873
	locus.10875
	locus.10876
	locus.10877
	locus.10878
	locus.10879
	locus.10881
	locus.10883
	locus.10884
	locus.10885
	locus.10888
	locus.10892
	locus.10893
	locus.10894
	locus.10897
	locus.10898
	locus.10901
	locus.10902
	locus.10903
	locus.10905
	locus.10906
	locus.10907
	locus.10909
	locus.10910
	locus.10911
	locus.10912
	locus.10913
	locus.10914
	locus.10915
	locus.10917
	locus.10918
	locus.10919
	locus.10920
	locus.10921
	locus.10922
	locus.10923
	locus.10926
	locus.10927
	locus.10928
	locus.10929
	locus.10930
	locus.10935
	locus.10938
	locus.10939
	locus.10940
	locus.10941
	locus.10942
	locus.10943
	locus.10945
	locus.10946
	locus.10947
	locus.10948
	locus.10949
	locus.10950
	locus.10952
	locus.10954
	locus.10956
	locus.10957
	locus.10958
	locus.10959
	locus.10966
	locus.10967
	locus.10968
	locus.10969
	locus.10970
	locus.10971
	locus.10972
	locus.10973
	locus.10974
	locus.10975
	locus.10977
	locus.10978
	locus.10980
	locus.10982
	locus.10983
	locus.10984
	locus.10987
	locus.10988
	locus.10989
	locus.10991
	locus.10992
	locus.10993
	locus.10994
	locus.10995
	locus.10996
	locus.10997
	locus.10999
	locus.11001
	locus.11002
	locus.11003
	locus.11007
	locus.11010
	locus.11011
	locus.11014
	locus.11017
	locus.11019
	locus.11022
	locus.11028
	locus.11038
	locus.11042
	locus.11049
	locus.11052
	locus.11064
	locus.11066
	locus.11075
	locus.11080
	locus.11081
	locus.11082
	locus.11083
	locus.11094
	locus.11097
	locus.11107
	locus.11111
	locus.11112
	locus.11116
	locus.11117
	locus.11122
	locus.11126
	locus.11137
	locus.11150
	locus.11151
	locus.11155
	locus.11160
	locus.11162
	locus.11176
	locus.11179
	locus.11185
	locus.11198
	locus.11202
	locus.11206
	locus.11210
	locus.11212
	locus.11217
	locus.11233
	locus.11236
	locus.11242
	locus.11245
	locus.11251
	locus.11253
	locus.11261
	locus.11262
	locus.11264
	locus.11268
	locus.11272
	locus.11278
	locus.11279
	locus.11298
	locus.11300
	locus.11304
	locus.11305
	locus.11314
	locus.11318
	locus.11319
	locus.11321
	locus.11323
	locus.11339
	locus.11341
	locus.11342
	locus.11347
	locus.11348
	locus.11351
	locus.11352
	locus.11357
	locus.11358
	locus.11361
	locus.11362
	locus.11364
	locus.11366
	locus.11369
	locus.11370
	locus.11385
	locus.11396
	locus.11398
	locus.11401
	locus.11408
	locus.11409
	locus.11413
	locus.11417
	locus.11420
	locus.11464
	locus.11568
	locus.11569
	locus.11570
	locus.11573
	locus.11577
	locus.11598
	locus.11599
	locus.11607
	locus.11610
	locus.11611
	locus.11613
	locus.11616
	locus.11631
	locus.11634
	locus.11645
	locus.11647
	locus.11648
	locus.11657
	locus.11670
	locus.11674
	locus.11675
	locus.11676
	locus.11682
	locus.11693
	locus.11695
	locus.11696
	locus.11713
	locus.11715
	locus.11723
	locus.11728
	locus.11730
	locus.11731
	locus.11744
	locus.11753
	locus.11760
	locus.11788
	locus.11792
	locus.11796
	locus.11802
	locus.11805
	locus.11817
	locus.11824
	locus.11859
	locus.11867
	locus.11912
	locus.11916
	locus.12023
	locus.12025
	locus.12090
	locus.12092
	locus.12151
	locus.12183
	locus.12194
	locus.12205
	locus.12211
	locus.12235
	locus.12310
	locus.12312
	locus.12329
	locus.12357
	locus.12377
	locus.12420
	locus.12434
	locus.12473
	locus.12525
	locus.12550
	locus.12558
	locus.12570
	locus.12584
	locus.12609
	locus.12612
	locus.12622
	locus.12641
	locus.12657
	locus.12658
	locus.12659
	locus.12662
	locus.12667
	locus.12670
	locus.12677
	locus.12683
	locus.12689
	locus.12690
	locus.12691
	locus.12694
	locus.12704
	locus.12714
	locus.12724
	locus.12728
	locus.12729
	locus.12732
	locus.12736
	locus.12743
	locus.12744
	locus.12749
	locus.12750
	locus.12753
	locus.12764
	locus.12770
	locus.12773
	locus.12776
	locus.12777
	locus.12783
	locus.12800
	locus.12806
	locus.12808
	locus.12819
	locus.12821
	locus.12830
	locus.12838
	locus.12854
	locus.12861
	locus.12868
	locus.12879
	locus.12881
	locus.12996
	locus.13056
	locus.13095
	locus.13123
	locus.13137
	locus.13150
	locus.13156
	locus.13169
	locus.13185
	locus.13237
	locus.13272
	locus.13328
	locus.13332
	locus.13337
	locus.13352
	locus.13356
	locus.13367
	locus.13368
	locus.13373
	locus.13393
	locus.13397
	locus.13421
	locus.13423
	locus.13442
	locus.13447
	locus.13452
	locus.13457
	locus.13466
	locus.13477
	locus.13490
	locus.13503
	locus.13507
	locus.13527
	locus.13532
	locus.13557
	locus.13584
	locus.13599
	locus.13604
	locus.13635
	locus.13639
	locus.13641
	locus.13657
	locus.13660
	locus.13670
	locus.13674
	locus.13687
	locus.13700
	locus.13722
	locus.13740
	locus.13757
	locus.13786
	locus.13798
	locus.13819
	locus.13826
	locus.13837
	locus.13864
	locus.13869
	locus.13871
	locus.13884
	locus.13890
	locus.13902
	locus.13914
	locus.13922
	locus.13923
	locus.13930
	locus.13931
	locus.13941
	locus.13962
	locus.13965
	locus.13985
	locus.13986
	locus.13989
	locus.13998
	locus.14002
	locus.14015
	locus.14017
	locus.14020
	locus.14040
	locus.14102
	locus.14147
	locus.14193
	locus.14200
	locus.14217
	locus.14249
	locus.14270
	locus.14358
	locus.14367
	locus.14376
	locus.14434
	locus.14475
	locus.14529
	locus.14570
	locus.14604
	locus.14641
	locus.14648
	locus.14767
	locus.14782
	locus.14808
	locus.14825
	locus.14874
	locus.14881
	locus.14973
	locus.15048
	locus.15056
	locus.15146
	locus.15196
	locus.15342
	locus.15366
	locus.15369
	locus.15429
	locus.15494
	locus.15579
	locus.15639
	locus.15687
	locus.15813
	locus.15814
	locus.16046
	locus.16377
	locus.16387
	locus.16409
	locus.16450
	locus.16467
	locus.16509
	locus.16582
	locus.16593
	locus.16596
	locus.16603
	locus.16626
	locus.16698
	locus.16783
	locus.16840
	locus.16851
	locus.16881
	locus.16944
	locus.16967
	locus.16972
	locus.17017
	locus.17220
	locus.17222
	locus.17235
	locus.17343
	locus.17357
	locus.17388
	locus.17396
	locus.17477
	locus.17483
	locus.17697
	locus.17741
	locus.17757
	locus.17758
	locus.17773
	locus.17790
	locus.17803
	locus.17804
	locus.17825
	locus.17828
	locus.17841
	locus.17851
	locus.17854
	locus.17864
	locus.17879
	locus.17909
	locus.17926
	locus.17932
	locus.17933
	locus.17957
	locus.17988
	locus.18007
	locus.18033
	locus.18055
	locus.18090
	locus.18109
	locus.18112
	locus.18114
	locus.18115
	locus.18125
	locus.18133
	locus.18172
	locus.18179
	locus.18198
	locus.18204
	locus.18291
	locus.18306
	locus.18318
	locus.18363
	locus.18365
	locus.18378
	locus.18396
	locus.18446
	locus.18478
	locus.18507
	locus.18513
	locus.18524
	locus.18527
	locus.18555
	locus.18566
	locus.18620
	locus.18622
	locus.18664
	locus.18667
	locus.18672
	locus.18726
	locus.18727
	locus.18748
	locus.18775
	locus.18786
	locus.18800
	locus.18802
	locus.18822
	locus.18838
	locus.18844
	locus.18872
	locus.18880
	locus.18889
	locus.18924
	locus.18945
	locus.19015
	locus.19057
	locus.19059
	locus.19068
	locus.19105
	locus.19111
	locus.19114
	locus.19138
	locus.19190
	locus.19205
	locus.19229
	locus.19243
	locus.19246
	locus.19257
	locus.19269
	locus.19274
	locus.19280
	locus.19331
	locus.19334
	locus.19349
	locus.19459
	locus.19504
	locus.19541
	locus.19564
	locus.19689
	locus.19772
	locus.19779
	locus.19819
	locus.19844
	locus.19924
	locus.19932
	locus.19944
	locus.19990
	locus.20075
	locus.20110
	locus.20127
	locus.20144
	locus.20155
	locus.20191
	locus.20197
	locus.20213
	locus.20249
	locus.20289
	locus.20364
	locus.20402
	locus.20424
	locus.20430
	locus.20433
	locus.20454
	locus.20464
	locus.20467
	locus.20491
	locus.20498
	locus.20568
	locus.20621
	locus.20769
	locus.20777
	locus.20845
	locus.20923
	locus.20941
	locus.20954
	locus.20973
	locus.20988
	locus.20995
	locus.21011
	locus.21025
	locus.21056
	locus.21061
	locus.21070
	locus.21159
	locus.21173
	locus.21368
	locus.21462
	locus.21465
	locus.21466
	locus.21488
	locus.21584
	locus.21609
	locus.21652
	locus.21711
	locus.21737
	locus.21757
	locus.21781
	locus.21878
	locus.21944
	locus.21998
	locus.22011
	locus.22108
	locus.22129
	locus.22163
	locus.22169
	locus.22170
	locus.22187
	locus.22312
	locus.22315
	locus.22335
	locus.22495
	locus.22525
	locus.22533
	locus.22537
	locus.22538
	locus.22543
	locus.22549
	locus.22568
	locus.22623
	locus.22633
	locus.22652
	locus.22713
	locus.22746
	locus.22754
	locus.22811
	locus.22989
	locus.23047
	locus.23059
	locus.23074
	locus.23241
	locus.23245
	locus.23315
	locus.23320
	locus.23323
	locus.23685
	locus.23686
	locus.23726
	locus.23727
	locus.23799
	locus.23811
	locus.23839
	locus.23891
	locus.23990
	locus.24019
	locus.24059
	locus.24064
	locus.24065
	locus.24090
	locus.24091
	locus.24137
	locus.24154
	locus.24175
	locus.24228
	locus.24250
	locus.24315
	locus.24358
	locus.24409
	locus.24419
	locus.24444
	locus.24448
	locus.24455
	locus.24458
	locus.24464
	locus.24499
	locus.24526
	locus.24535
	locus.24539
	locus.24556
	locus.24578
	locus.24648
	locus.24659
	locus.24675
	locus.24713
	locus.24732
	locus.24740
	locus.24744
	locus.24827
	locus.24836
	locus.24881
	locus.24938
	locus.24981
	locus.24993
	locus.25011
	locus.25046
	locus.25062
	locus.25095
	locus.25113
	locus.25160
	locus.25183
	locus.25201
	locus.25221
	locus.25256
	locus.25305
	locus.25329
	locus.25373
	locus.25380
	locus.25396
	locus.25450
	locus.25460
	locus.25473
	locus.25599
	locus.25612
	locus.25732
	locus.25734
	locus.25743
	locus.25748
	locus.25764
	locus.25775
	locus.25783
	locus.25883
	locus.25993
	locus.26021
	locus.26032
	locus.26099
	locus.26104
	locus.26146
	locus.26147
	locus.26167
	locus.26186
	locus.26228
	locus.26243
	locus.26295
	locus.26318
	locus.26337
	locus.26385
	locus.26417
	locus.26457
	locus.26489
	locus.26508
	locus.26554
	locus.26555
	locus.26561
	locus.26580
	locus.26590
	locus.26646
	locus.26747
	locus.26781
	locus.26797
	locus.26829
	locus.26844
	locus.26882
	locus.26884
	locus.26979
	locus.27024
	locus.27064
	locus.27065
	locus.27070
	locus.27100
	locus.27146
	locus.27153
	locus.27185
	locus.27220
	locus.27247
	locus.27265
	locus.27303
	locus.27318
	locus.27322
	locus.27350
	locus.27411
	locus.27572
	locus.27630
	locus.27651
	locus.27683
	locus.27737
	locus.27794
	locus.27814
	locus.27858
	locus.27896
	locus.27901
	locus.27936
	locus.27990
	locus.27992
	locus.28026
	locus.28107
	locus.28108
	locus.28177
	locus.28264
	locus.28268
	locus.28269
	locus.28277
	locus.28301
	locus.28304
	locus.28321
	locus.28405
	locus.28501
	locus.28580
	locus.28628
	locus.28643
	locus.28645
	locus.28723
	locus.28835
	locus.28851
	locus.28881
	locus.28923
	locus.28934
	locus.28968
	locus.28979
	locus.29296
	locus.29298
	locus.29299
	locus.29300
	locus.29301
	locus.29302
	locus.29304
	locus.29305
	locus.29306
	locus.29308
	locus.29309
	locus.29310
	locus.29311
	locus.29312
	locus.29314
	locus.29315
	locus.29317
	locus.29318
	locus.29319
	locus.29320
	locus.29321
	locus.29323
	locus.29325
	locus.29326
	locus.29330
	locus.29331
	locus.29332
	locus.29333
	locus.29335
	locus.29336
	locus.29337
	locus.29338
	locus.29341
	locus.29342
	locus.29343
	locus.29345
	locus.29347
	locus.29348
	locus.29349
	locus.29350
	locus.29351
	locus.29352
	locus.29353
	locus.29354
	locus.29355
	locus.29356
	locus.29357
	locus.29359
	locus.29362
	locus.29363
	locus.29364
	locus.29366
	locus.29368
	locus.29369
	locus.29370
	locus.29373
	locus.29375
	locus.29376
	locus.29379
	locus.29380
	locus.29414
	locus.29427
	locus.29443
	locus.29445
	locus.29448
	locus.29456
	locus.29458
	locus.29462
	locus.29463
	locus.29466
	locus.29472
	locus.29480
	locus.29485
	locus.29516
	locus.29526
	locus.29632
	locus.29651
	locus.29652
	locus.29653
	locus.29654
	locus.29655
	locus.29656
	locus.29657
	locus.29658
	locus.29659
	locus.29660
	locus.29661
	locus.29662
	locus.29663
	locus.29664
	locus.29665
	locus.29668
	locus.29669
	locus.29670
	locus.29671
	locus.29672
	locus.29673
	locus.29674
	locus.29675
	locus.29676
	locus.29677
	locus.29678
	locus.29679
	locus.29681
	locus.29682
	locus.29683
	locus.29684
	locus.29686
	locus.29687
	locus.29688
	locus.29689
	locus.29690
	locus.29691
	locus.29692
	locus.29693
	locus.29694
	locus.29695
	locus.29696
	locus.29697
	locus.29698
	locus.29701
	locus.29704
	locus.29707
	locus.29708
	locus.29709
	locus.29710
	locus.29711
	locus.29712
	locus.29713
	locus.29714
	locus.29715
	locus.29716
	locus.29717
	locus.29718
	locus.29719
	locus.29720
	locus.29721
	locus.29722
	locus.29723
	locus.29724
	locus.29725
	locus.29727
	locus.29729
	locus.29730
	locus.29732
	locus.29733
	locus.29734
	locus.29735
	locus.29736
	locus.29737
	locus.29738
	locus.29739
	locus.29742
	locus.29743
	locus.29744
	locus.29746
	locus.29747
	locus.29748
	locus.29749
	locus.29750
	locus.29751
	locus.29752
	locus.29753
	locus.29754
	locus.29756
	locus.29757
	locus.29758
	locus.29759
	locus.29760
	locus.29762
	locus.29764
	locus.29766
	locus.29767
	locus.29768
	locus.29769
	locus.29770
	locus.29771
	locus.29772
	locus.29773
	locus.29775
	locus.29776
	locus.29777
	locus.29778
	locus.29780
	locus.29781
	locus.29782
	locus.29783
	locus.29784
	locus.29785
	locus.29786
	locus.29788
	locus.29789
	locus.29790
	locus.29794
	locus.29795
	locus.29797
	locus.29798
	locus.29799
	locus.29801
	locus.29802
	locus.29803
	locus.29805
	locus.29806
	locus.29807
	locus.29809
	locus.29810
	locus.29811
	locus.29812
	locus.29813
	locus.29814
	locus.29817
	locus.29819
	locus.29820
	locus.29821
	locus.29822
	locus.29827
	locus.29828
	locus.29830
	locus.29831
	locus.29832
	locus.29833
	locus.29834
	locus.29836
	locus.29838
	locus.29840
	locus.29841
	locus.29883
	locus.29938
	locus.29939
	locus.29941
	locus.29943
	locus.29944
	locus.29947
	locus.29949
	locus.29950
	locus.29951
	locus.29952
	locus.29954
	locus.29955
	locus.29956
	locus.29957
	locus.29958
	locus.29960
	locus.29961
	locus.29962
	locus.29963
	locus.29964
	locus.29965
	locus.29966
	locus.29967
	locus.29968
	locus.29970
	locus.29971
	locus.29972
	locus.29973
	locus.29974
	locus.29975
	locus.29977
	locus.29978
	locus.29979
	locus.29980
	locus.29982
	locus.29983
	locus.29984
	locus.29985
	locus.29986
	locus.29987
	locus.29988
	locus.29991
	locus.29993
	locus.29995
	locus.29997
	locus.29998
	locus.29999
	locus.30000
	locus.30001
	locus.30003
	locus.30004
	locus.30005
	locus.30006
	locus.30007
	locus.30009
	locus.30011
	locus.30012
	locus.30013
	locus.30014
	locus.30015
	locus.30016
	locus.30017
	locus.30018
	locus.30019
	locus.30020
	locus.30021
	locus.30022
	locus.30023
	locus.30024
	locus.30025
	locus.30026
	locus.30027
	locus.30028
	locus.30030
	locus.30031
	locus.30032
	locus.30033
	locus.30034
	locus.30036
	locus.30038
	locus.30040
	locus.30041
	locus.30042
	locus.30044
	locus.30046
	locus.30047
	locus.30049
	locus.30050
	locus.30052
	locus.30053
	locus.30055
	locus.30056
	locus.30057
	locus.30058
	locus.30059
	locus.30060
	locus.30061
	locus.30062
	locus.30063
	locus.30064
	locus.30066
	locus.30067
	locus.30068
	locus.30069
	locus.30070
	locus.30071
	locus.30072
	locus.30074
	locus.30075
	locus.30078
	locus.30079
	locus.30080
	locus.30081
	locus.30082
	locus.30083
	locus.30084
	locus.30085
	locus.30086
	locus.30087
	locus.30088
	locus.30089
	locus.30091
	locus.30093
	locus.30094
	locus.30095
	locus.30096
	locus.30097
	locus.30101
	locus.30103
	locus.30104
	locus.30106
	locus.30107
	locus.30109
	locus.30110
	locus.30111
	locus.30112
	locus.30113
	locus.30116
	locus.30117
	locus.30118
	locus.30119
	locus.30120
	locus.30122
	locus.30127
	locus.30129
	locus.30130
	locus.30131
	locus.30133
	locus.30134
	locus.30138
	locus.30139
	locus.30140
	locus.30141
	locus.30142
	locus.30143
	locus.30145
	locus.30146
	locus.30147
	locus.30148
	locus.30149
	locus.30150
	locus.30151
	locus.30152
	locus.30153
	locus.30154
	locus.30155
	locus.30156
	locus.30157
	locus.30158
	locus.30159
	locus.30160
	locus.30161
	locus.30164
	locus.30167
	locus.30169
	locus.30170
	locus.30172
	locus.30174
	locus.30175
	locus.30176
	locus.30177
	locus.30178
	locus.30180
	locus.30181
	locus.30183
	locus.30184
	locus.30186
	locus.30190
	locus.30192
	locus.30193
	locus.30195
	locus.30196
	locus.30198
	locus.30199
	locus.30201
	locus.30203
	locus.30204
	locus.30205
	locus.30206
	locus.30208
	locus.30209
	locus.30210
	locus.30211
	locus.30213
	locus.30214
	locus.30215
	locus.30216
	locus.30218
	locus.30219
	locus.30220
	locus.30221
	locus.30222
	locus.30226
	locus.30229
	locus.30230
	locus.30231
	locus.30232
	locus.30279
	locus.30282
	locus.30284
	locus.30287
	locus.30292
	locus.30297
	locus.30298
	locus.30305
	locus.30383
	locus.30507
	locus.30510
	locus.30523
	locus.30709
	locus.30723
	locus.30850
	locus.30851
	locus.30852
	locus.30853
	locus.30854
	locus.30855
	locus.30856
	locus.30857
	locus.30858
	locus.30859
	locus.30860
	locus.30861
	locus.30864
	locus.30865
	locus.30866
	locus.30868
	locus.30869
	locus.30871
	locus.30872
	locus.30875
	locus.30876
	locus.30877
	locus.30879
	locus.30882
	locus.30884
	locus.30885
	locus.30886
	locus.30887
	locus.30888
	locus.30889
	locus.30890
	locus.30892
	locus.30893
	locus.30894
	locus.30895
	locus.30896
	locus.30897
	locus.30898
	locus.30899
	locus.30900
	locus.30901
	locus.30902
	locus.30903
	locus.30904
	locus.30905
	locus.30906
	locus.30907
	locus.30909
	locus.30911
	locus.30912
	locus.30913
	locus.30914
	locus.30916
	locus.30917
	locus.30918
	locus.30919
	locus.30920
	locus.30921
	locus.30923
	locus.30924
	locus.30925
	locus.30926
	locus.30928
	locus.30929
	locus.30931
	locus.30932
	locus.30933
	locus.30934
	locus.30935
	locus.30936
	locus.30937
	locus.30938
	locus.30939
	locus.30940
	locus.30942
	locus.30943
	locus.30944
	locus.30945
	locus.30946
	locus.30947
	locus.30948
	locus.30949
	locus.30950
	locus.30951
	locus.30952
	locus.30953
	locus.30954
	locus.30955
	locus.30956
	locus.30957
	locus.30958
	locus.30959
	locus.30960
	locus.30961
	locus.30963
	locus.30964
	locus.30965
	locus.30966
	locus.30967
	locus.30968
	locus.30970
	locus.30972
	locus.30973
	locus.30974
	locus.30975
	locus.30976
	locus.30977
	locus.30979
	locus.30981
	locus.30982
	locus.30983
	locus.30986
	locus.30987
	locus.30988
	locus.30991
	locus.30992
	locus.30993
	locus.30994
	locus.30995
	locus.30996
	locus.30997
	locus.30998
	locus.30999
	locus.31001
	locus.31002
	locus.31003
	locus.31004
	locus.31005
	locus.31008
	locus.31010
	locus.31011
	locus.31013
	locus.31014
	locus.31015
	locus.31047
	locus.31052
	locus.31143
	locus.31224
	locus.31346
	locus.31389
	locus.31803
	locus.31860
	locus.32025
	locus.32075
	locus.32141
	locus.32156
	locus.32365
	locus.32413
	locus.32511
	locus.32539
	locus.32548
	locus.32678
	locus.32767
	locus.32843
	locus.32851
	locus.32962
	locus.32995
	locus.33083
	locus.33187
	locus.33308
	locus.33386
	locus.33541
	locus.33915
	locus.33987
	locus.34074
	locus.34332
	locus.34616
	locus.34760
	locus.34780
	locus.34860
	locus.34878
	locus.35075
	locus.35081
	locus.35215
	locus.35289
	locus.35423
	locus.35524
	locus.35542
	locus.35553
	locus.35612
	locus.35620
	locus.35851
	locus.35929
	locus.35936
	locus.36222
	locus.36228
	locus.36299
	locus.36504
	locus.36536
	locus.36613
	locus.36627
	locus.36730
	locus.37042
	locus.37235
	locus.37401
	locus.37494
	locus.37523
	locus.37621
	locus.37622
	locus.37624
	locus.37625
	locus.37626
	locus.37628
	locus.37629
	locus.37630
	locus.37632
	locus.37633
	locus.37634
	locus.37636
	locus.37638
	locus.37639
	locus.37640
	locus.37641
	locus.37642
	locus.37643
	locus.37644
	locus.37645
	locus.37646
	locus.37648
	locus.37649
	locus.37650
	locus.37656
	locus.37658
	locus.37659
	locus.37660
	locus.37661
	locus.37662
	locus.37663
	locus.37664
	locus.37665
	locus.37666
	locus.37669
	locus.37670
	locus.37671
	locus.37672
	locus.37676
	locus.37678
	locus.37679
	locus.37683
	locus.37684
	locus.37685
	locus.37687
	locus.37688
	locus.37689
	locus.37690
	locus.37691
	locus.37692
	locus.37693
	locus.37696
	locus.37697
	locus.37699
	locus.37700
	locus.37701
	locus.37704
	locus.37705
	locus.37707
	locus.37709
	locus.37710
	locus.37711
	locus.37713
	locus.37714
	locus.37715
	locus.37718
	locus.37719
	locus.37721
	locus.37722
	locus.37724
	locus.37725
	locus.37727
	locus.37729
	locus.37730
	locus.37731
	locus.37732
	locus.37733
	locus.37734
	locus.37735
	locus.37736
	locus.37737
	locus.37740
	locus.37741
	locus.37742
	locus.37743
	locus.37744
	locus.37745
	locus.37746
	locus.37747
	locus.37748
	locus.37749
	locus.37750
	locus.37751
	locus.37752
	locus.37754
	locus.37755
	locus.37756
	locus.37757
	locus.37758
	locus.37759
	locus.37760
	locus.37761
	locus.37762
	locus.37763
	locus.37764
	locus.37765
	locus.37766
	locus.37767
	locus.37768
	locus.37769
	locus.37770
	locus.37771
	locus.37773
	locus.37774
	locus.37777
	locus.37780
	locus.37781
	locus.37782
	locus.37783
	locus.37784
	locus.37785
	locus.37786
	locus.37787
	locus.37788
	locus.37790
	locus.37791
	locus.37793
	locus.37800
	locus.37801
	locus.37802
	locus.37803
	locus.37809
	locus.37811
	locus.37813
	locus.37814
	locus.37815
	locus.37816
	locus.37817
	locus.37818
	locus.37819
	locus.37820
	locus.37821
	locus.37823
	locus.37824
	locus.37826
	locus.37827
	locus.37828
	locus.37829
	locus.37830
	locus.37832
	locus.37833
	locus.37835
	locus.37836
	locus.37837
	locus.37838
	locus.37839
	locus.37840
	locus.37841
	locus.37842
	locus.37843
	locus.37844
	locus.37845
	locus.37846
	locus.37847
	locus.37848
	locus.37849
	locus.37850
	locus.37851
	locus.37853
	locus.37854
	locus.37857
	locus.37861
	locus.37863
	locus.37864
	locus.37870
	locus.37872
	locus.37875
	locus.37879
	locus.37880
	locus.37881
	locus.37882
	locus.37883
	locus.37884
	locus.37922
	locus.37927
	locus.37928
	locus.37930
	locus.37933
	locus.37934
	locus.37935
	locus.37936
	locus.37937
	locus.37938
	locus.37939
	locus.37940
	locus.37941
	locus.37942
	locus.37943
	locus.37944
	locus.37945
	locus.37946
	locus.37948
	locus.37949
	locus.37950
	locus.37951
	locus.37952
	locus.37954
	locus.37956
	locus.37957
	locus.37958
	locus.37959
	locus.37960
	locus.37961
	locus.37962
	locus.37963
	locus.37964
	locus.37965
	locus.37966
	locus.37969
	locus.37970
	locus.37971
	locus.37973
	locus.37974
	locus.37975
	locus.37976
	locus.37977
	locus.37978
	locus.37979
	locus.37980
	locus.37982
	locus.37984
	locus.37985
	locus.37986
	locus.37987
	locus.37988
	locus.37989
	locus.37990
	locus.37991
	locus.37992
	locus.37993
	locus.37994
	locus.37995
	locus.37996
	locus.37997
	locus.37998
	locus.38000
	locus.38001
	locus.38002
	locus.38004
	locus.38005
	locus.38007
	locus.38008
	locus.38009
	locus.38010
	locus.38011
	locus.38014
	locus.38015
	locus.38016
	locus.38017
	locus.38019
	locus.38020
	locus.38022
	locus.38023
	locus.38024
	locus.38025
	locus.38026
	locus.38027
	locus.38029
	locus.38030
	locus.38031
	locus.38033
	locus.38035
	locus.38037
	locus.38038
	locus.38040
	locus.38041
	locus.38043
	locus.38045
	locus.38046
	locus.38047
	locus.38048
	locus.38049
	locus.38050
	locus.38052
	locus.38053
	locus.38054
	locus.38055
	locus.38056
	locus.38058
	locus.38059
	locus.38061
	locus.38062
	locus.38063
	locus.38064
	locus.38066
	locus.38068
	locus.38069
	locus.38070
	locus.38071
	locus.38072
	locus.38073
	locus.38074
	locus.38075
	locus.38078
	locus.38080
	locus.38081
	locus.38082
	locus.38083
	locus.38084
	locus.38085
	locus.38086
	locus.38088
	locus.38090
	locus.38094
	locus.38095
	locus.38096
	locus.38097
	locus.38098
	locus.38099
	locus.38100
	locus.38101
	locus.38102
	locus.38103
	locus.38104
	locus.38106
	locus.38109
	locus.38110
	locus.38114
	locus.38115
	locus.38116
	locus.38117
	locus.38118
	locus.38121
	locus.38122
	locus.38123
	locus.38125
	locus.38126
	locus.38127
	locus.38128
	locus.38129
	locus.38134
	locus.38136
	locus.38137
	locus.38139
	locus.38140
	locus.38142
	locus.38143
	locus.38145
	locus.38147
	locus.38149
	locus.38151
	locus.38154
	locus.38155
	locus.38156
	locus.38157
	locus.38162
	locus.38166
	locus.38167
	locus.38169
	locus.38170
	locus.38171
	locus.38174
	locus.38175
	locus.38177
	locus.38181
	locus.38183
	locus.38185
	locus.38194
	locus.38196
	locus.38197
	locus.38199
	locus.38202
	locus.38218
	locus.38236
	locus.38260
	locus.38261
	locus.38272
	locus.38278
	locus.38281
	locus.38283
	locus.38297
	locus.38300
	locus.38316
	locus.38319
	locus.38339
	locus.38341
	locus.38350
	locus.38354
	locus.38367
	locus.38395
	locus.38423
	locus.38428
	locus.38445
	locus.38448
	locus.38449
	locus.38451
	locus.38454
	locus.38455
	locus.38457
	locus.38459
	locus.38460
	locus.38461
	locus.38462
	locus.38463
	locus.38464
	locus.38465
	locus.38467
	locus.38468
	locus.38469
	locus.38470
	locus.38474
	locus.38475
	locus.38480
	locus.38483
	locus.38484
	locus.38486
	locus.38489
	locus.38492
	locus.38493
	locus.38494
	locus.38496
	locus.38497
	locus.38498
	locus.38499
	locus.38500
	locus.38501
	locus.38502
	locus.38503
	locus.38505
	locus.38506
	locus.38507
	locus.38508
	locus.38509
	locus.38510
	locus.38511
	locus.38512
	locus.38513
	locus.38514
	locus.38515
	locus.38518
	locus.38519
	locus.38520
	locus.38523
	locus.38525
	locus.38527
	locus.38528
	locus.38529
	locus.38530
	locus.38531
	locus.38532
	locus.38533
	locus.38534
	locus.38537
	locus.38538
	locus.38540
	locus.38541
	locus.38543
	locus.38545
	locus.38546
	locus.38547
	locus.38548
	locus.38550
	locus.38551
	locus.38552
	locus.38553
	locus.38554
	locus.38555
	locus.38557
	locus.38558
	locus.38559
	locus.38562
	locus.38563
	locus.38568
	locus.38569
	locus.38570
	locus.38572
	locus.38573
	locus.38574
	locus.38578
	locus.38579
	locus.38581
	locus.38583
	locus.38584
	locus.38585
	locus.38586
	locus.38587
	locus.38588
	locus.38589
	locus.38590
	locus.38591
	locus.38592
	locus.38593
	locus.38594
	locus.38595
	locus.38596
	locus.38597
	locus.38600
	locus.38601
	locus.38604
	locus.38605
	locus.38607
	locus.38608
	locus.38609
	locus.38610
	locus.38612
	locus.38613
	locus.38614
	locus.38615
	locus.38616
	locus.38617
	locus.38618
	locus.38619
	locus.38621
	locus.38622
	locus.38623
	locus.38624
	locus.38625
	locus.38626
	locus.38627
	locus.38630
	locus.38632
	locus.38633
	locus.38634
	locus.38635
	locus.38636
	locus.38637
	locus.38640
	locus.38641
	locus.38642
	locus.38645
	locus.38646
	locus.38651
	locus.38653
	locus.38654
	locus.38655
	locus.38656
	locus.38658
	locus.38659
	locus.38660
	locus.38661
	locus.38662
	locus.38663
	locus.38664
	locus.38665
	locus.38667
	locus.38668
	locus.38670
	locus.38672
	locus.38673
	locus.38674
	locus.38675
	locus.38677
	locus.38678
	locus.38680
	locus.38681
	locus.38684
	locus.38685
	locus.38686
	locus.38687
	locus.38688
	locus.38689
	locus.38690
	locus.38692
	locus.38693
	locus.38694
	locus.38695
	locus.38696
	locus.38698
	locus.38700
	locus.38701
	locus.38702
	locus.38704
	locus.38705
	locus.38706
	locus.38707
	locus.38708
	locus.38710
	locus.38711
	locus.38713
	locus.38714
	locus.38715
	locus.38716
	locus.38717
	locus.38718
	locus.38719
	locus.38720
	locus.38723
	locus.38724
	locus.38725
	locus.38726
	locus.38727
	locus.38729
	locus.38730
	locus.38731
	locus.38733
	locus.38734
	locus.38735
	locus.38736
	locus.38737
	locus.38738
	locus.38740
	locus.38741
	locus.38742
	locus.38743
	locus.38744
	locus.38746
	locus.38747
	locus.38748
	locus.38749
	locus.38750
	locus.38751
	locus.38752
	locus.38755
	locus.38757
	locus.38758
	locus.38759
	locus.38760
	locus.38761
	locus.38762
	locus.38763
	locus.38764
	locus.38767
	locus.38768
	locus.38769
	locus.38773
	locus.38775
	locus.38777
	locus.38779
	locus.38780
	locus.38781
	locus.38782
	locus.38783
	locus.38785
	locus.38786
	locus.38787
	locus.38788
	locus.38789
	locus.38790
	locus.38791
	locus.38792
	locus.38793
	locus.38795
	locus.38796
	locus.38797
	locus.38799
	locus.38800
	locus.38801
	locus.38802
	locus.38803
	locus.38804
	locus.38807
	locus.38808
	locus.38809
	locus.38810
	locus.38811
	locus.38812
	locus.38814
	locus.38816
	locus.38817
	locus.38818
	locus.38819
	locus.38820
	locus.38821
	locus.38822
	locus.38823
	locus.38824
	locus.38825
	locus.38827
	locus.38828
	locus.38829
	locus.38830
	locus.38832
	locus.38833
	locus.38834
	locus.38835
	locus.38837
	locus.38840
	locus.38841
	locus.38843
	locus.38844
	locus.38845
	locus.38846
	locus.38848
	locus.38849
	locus.38850
	locus.38851
	locus.38852
	locus.38853
	locus.38854
	locus.38856
	locus.38858
	locus.38861
	locus.38862
	locus.38863
	locus.38864
	locus.38865
	locus.38869
	locus.38870
	locus.38871
	locus.38872
	locus.38873
	locus.38874
	locus.38875
	locus.38876
	locus.38877
	locus.38878
	locus.38879
	locus.38881
	locus.38883
	locus.38886
	locus.38887
	locus.38888
	locus.38891
	locus.38893
	locus.38894
	locus.38895
	locus.38896
	locus.38897
	locus.38898
	locus.38903
	locus.38905
	locus.38906
	locus.38907
	locus.38909
	locus.38912
	locus.38913
	locus.38921
	locus.39175
	locus.39286
	locus.39296
	locus.39377
	locus.39464
	locus.39478
	locus.39482
	locus.39483
	locus.39494
	locus.39501
	locus.39503
	locus.39513
	locus.39514
	locus.39516
	locus.39519
	locus.39531
	locus.39535
	locus.39544
	locus.39566
	locus.39568
	locus.39574
	locus.39576
	locus.39582
	locus.39587
	locus.39593
	locus.39604
	locus.39607
	locus.39610
	locus.39611
	locus.39612
	locus.39614
	locus.39615
	locus.39616
	locus.39617
	locus.39618
	locus.39619
	locus.39620
	locus.39621
	locus.39625
	locus.39626
	locus.39627
	locus.39629
	locus.39630
	locus.39632
	locus.39633
	locus.39634
	locus.39635
	locus.39636
	locus.39637
	locus.39638
	locus.39639
	locus.39641
	locus.39643
	locus.39644
	locus.39645
	locus.39646
	locus.39647
	locus.39650
	locus.39651
	locus.39652
	locus.39653
	locus.39654
	locus.39655
	locus.39656
	locus.39658
	locus.39659
	locus.39660
	locus.39662
	locus.39663
	locus.39664
	locus.39666
	locus.39667
	locus.39668
	locus.39671
	locus.39672
	locus.39673
	locus.39674
	locus.39678
	locus.39680
	locus.39681
	locus.39682
	locus.39683
	locus.39684
	locus.39685
	locus.39686
	locus.39687
	locus.39688
	locus.39689
	locus.39692
	locus.39694
	locus.39695
	locus.39696
	locus.39699
	locus.39700
	locus.39702
	locus.39703
	locus.39704
	locus.39705
	locus.39710
	locus.39711
	locus.39713
	locus.39714
	locus.39717
	locus.39719
	locus.39720
	locus.39721
	locus.39722
	locus.39725
	locus.39727
	locus.39728
	locus.39729
	locus.39730
	locus.39732
	locus.39733
	locus.39734
	locus.39735
	locus.39736
	locus.39738
	locus.39739
	locus.39740
	locus.39741
	locus.39742
	locus.39743
	locus.39744
	locus.39745
	locus.39746
	locus.39747
	locus.39748
	locus.39749
	locus.39750
	locus.39751
	locus.39753
	locus.39754
	locus.39756
	locus.39757
	locus.39759
	locus.39762
	locus.39763
	locus.39764
	locus.39765
	locus.39766
	locus.39767
	locus.39768
	locus.39769
	locus.39770
	locus.39772
	locus.39773
	locus.39774
	locus.39775
	locus.39777
	locus.39778
	locus.39779
	locus.39780
	locus.39781
	locus.39782
	locus.39783
	locus.39784
	locus.39786
	locus.39787
	locus.39788
	locus.39789
	locus.39790
	locus.39791
	locus.39792
	locus.39793
	locus.39794
	locus.39795
	locus.39796
	locus.39797
	locus.39798
	locus.39799
	locus.39800
	locus.39801
	locus.39802
	locus.39803
	locus.39805
	locus.39809
	locus.39810
	locus.39811
	locus.39813
	locus.39815
	locus.39816
	locus.39817
	locus.39818
	locus.39819
	locus.39820
	locus.39822
	locus.39823
	locus.39824
	locus.39825
	locus.39826
	locus.39827
	locus.39828
	locus.39829
	locus.39830
	locus.39831
	locus.39832
	locus.39833
	locus.39834
	locus.39835
	locus.39836
	locus.39837
	locus.39838
	locus.39839
	locus.39841
	locus.39842
	locus.39843
	locus.39844
	locus.39846
	locus.39847
	locus.39848
	locus.39851
	locus.39852
	locus.39853
	locus.39854
	locus.39855
	locus.39856
	locus.39858
	locus.39861
	locus.39863
	locus.39865
	locus.39880
	locus.39974
	locus.39979
	locus.39993
	locus.40025
	locus.40052
	locus.40053
	locus.40054
	locus.40055
	locus.40056
	locus.40057
	locus.40058
	locus.40059
	locus.40060
	locus.40061
	locus.40063
	locus.40065
	locus.40067
	locus.40070
	locus.40073
	locus.40074
	locus.40075
	locus.40078
	locus.40080
	locus.40082
	locus.40084
	locus.40087
	locus.40089
	locus.40090
	locus.40092
	locus.40093
	locus.40094
	locus.40095
	locus.40097
	locus.40098
	locus.40099
	locus.40101
	locus.40102
	locus.40103
	locus.40105
	locus.40107
	locus.40109
	locus.40111
	locus.40112
	locus.40113
	locus.40114
	locus.40116
	locus.40117
	locus.40118
	locus.40120
	locus.40122
	locus.40123
	locus.40124
	locus.40127
	locus.40128
	locus.40129
	locus.40130
	locus.40131
	locus.40133
	locus.40134
	locus.40135
	locus.40136
	locus.40137
	locus.40138
	locus.40139
	locus.40140
	locus.40142
	locus.40143
	locus.40144
	locus.40145
	locus.40146
	locus.40147
	locus.40148
	locus.40149
	locus.40150
	locus.40151
	locus.40152
	locus.40153
	locus.40155
	locus.40158
	locus.40161
	locus.40162
	locus.40164
	locus.40166
	locus.40167
	locus.40168
	locus.40170
	locus.40171
	locus.40172
	locus.40173
	locus.40174
	locus.40175
	locus.40176
	locus.40177
	locus.40178
	locus.40180
	locus.40181
	locus.40182
	locus.40183
	locus.40184
	locus.40185
	locus.40186
	locus.40187
	locus.40188
	locus.40190
	locus.40191
	locus.40192
	locus.40196
	locus.40197
	locus.40198
	locus.40199
	locus.40200
	locus.40201
	locus.40202
	locus.40203
	locus.40204
	locus.40206
	locus.40207
	locus.40208
	locus.40209
	locus.40211
	locus.40212
	locus.40213
	locus.40215
	locus.40218
	locus.40219
	locus.40220
	locus.40221
	locus.40222
	locus.40226
	locus.40227
	locus.40228
	locus.40229
	locus.40231
	locus.40232
	locus.40233
	locus.40234
	locus.40236
	locus.40238
	locus.40240
	locus.40242
	locus.40243
	locus.40244
	locus.40245
	locus.40247
	locus.40251
	locus.40253
	locus.40258
	locus.40259
	locus.40260
	locus.40261
	locus.40262
	locus.40263
	locus.40266
	locus.40267
	locus.40269
	locus.40271
	locus.40273
	locus.40274
	locus.40290
	locus.40294
	locus.40296
	locus.40298
	locus.40309
	locus.40328
	locus.40330
	locus.40337
	locus.40356
	locus.40370
	locus.40372
	locus.40382
	locus.40383
	locus.40386
	locus.40391
	locus.40392
	locus.40396
	locus.40400
	locus.40408
	locus.40416
	locus.40417
	locus.40418
	locus.40420
	locus.40422
	locus.40423
	locus.40424
	locus.40425
	locus.40426
	locus.40427
	locus.40428
	locus.40429
	locus.40430
	locus.40431
	locus.40432
	locus.40433
	locus.40434
	locus.40435
	locus.40436
	locus.40437
	locus.40438
	locus.40439
	locus.40440
	locus.40441
	locus.40442
	locus.40443
	locus.40444
	locus.40445
	locus.40446
	locus.40447
	locus.40448
	locus.40449
	locus.40450
	locus.40452
	locus.40453
	locus.40454
	locus.40457
	locus.40459
	locus.40461
	locus.40462
	locus.40463
	locus.40464
	locus.40465
	locus.40466
	locus.40467
	locus.40468
	locus.40470
	locus.40472
	locus.40474
	locus.40475
	locus.40476
	locus.40478
	locus.40479
	locus.40480
	locus.40481
	locus.40482
	locus.40484
	locus.40486
	locus.40487
	locus.40488
	locus.40489
	locus.40490
	locus.40491
	locus.40492
	locus.40493
	locus.40496
	locus.40499
	locus.40502
	locus.40503
	locus.40504
	locus.40506
	locus.40510
	locus.40511
	locus.40513
	locus.40515
	locus.40516
	locus.40517
	locus.40520
	locus.40521
	locus.40522
	locus.40523
	locus.40526
	locus.40527
	locus.40528
	locus.40529
	locus.40530
	locus.40531
	locus.40534
	locus.40535
	locus.40536
	locus.40538
	locus.40540
	locus.40542
	locus.40543
	locus.40544
	locus.40546
	locus.40547
	locus.40548
	locus.40549
	locus.40550
	locus.40552
	locus.40553
	locus.40554
	locus.40556
	locus.40557
	locus.40559
	locus.40560
	locus.40561
	locus.40562
	locus.40563
	locus.40564
	locus.40565
	locus.40566
	locus.40571
	locus.40572
	locus.40573
	locus.40575
	locus.40576
	locus.40577
	locus.40579
	locus.40581
	locus.40582
	locus.40584
	locus.40585
	locus.40589
	locus.40590
	locus.40591
	locus.40592
	locus.40593
	locus.40594
	locus.40597
	locus.40609
	locus.40616
	locus.40617
	locus.40622
	locus.40624
	locus.40627
	locus.40633
	locus.40634
	locus.40639
	locus.40641
	locus.40644
	locus.40656
	locus.40657
	locus.40659
	locus.40666
	locus.40670
	locus.40677
	locus.40680
	locus.40682
	locus.40685
	locus.40689
	locus.40701
	locus.40702
	locus.40703
	locus.40710
	locus.40711
	locus.40718
	locus.40722
	locus.40732
	locus.40888
	locus.40899
	locus.40908
	locus.40910
	locus.40913
	locus.40914
	locus.40923
	locus.40930
	locus.40945
	locus.41125
	locus.41150
	locus.41264
	locus.41413
	locus.41437
	locus.41454
	locus.41456
	locus.41457
	locus.41458
	locus.41459
	locus.41460
	locus.41463
	locus.41464
	locus.41466
	locus.41468
	locus.41469
	locus.41470
	locus.41471
	locus.41475
	locus.41476
	locus.41477
	locus.41479
	locus.41480
	locus.41481
	locus.41482
	locus.41483
	locus.41485
	locus.41486
	locus.41487
	locus.41488
	locus.41489
	locus.41490
	locus.41491
	locus.41492
	locus.41493
	locus.41494
	locus.41495
	locus.41496
	locus.41497
	locus.41498
	locus.41499
	locus.41500
	locus.41501
	locus.41503
	locus.41504
	locus.41506
	locus.41508
	locus.41509
	locus.41511
	locus.41512
	locus.41513
	locus.41515
	locus.41516
	locus.41518
	locus.41519
	locus.41520
	locus.41521
	locus.41522
	locus.41525
	locus.41527
	locus.41528
	locus.41529
	locus.41530
	locus.41532
	locus.41534
	locus.41537
	locus.41538
	locus.41539
	locus.41540
	locus.41541
	locus.41542
	locus.41543
	locus.41544
	locus.41545
	locus.41546
	locus.41547
	locus.41548
	locus.41549
	locus.41550
	locus.41552
	locus.41553
	locus.41554
	locus.41555
	locus.41556
	locus.41557
	locus.41558
	locus.41559
	locus.41560
	locus.41561
	locus.41562
	locus.41563
	locus.41564
	locus.41565
	locus.41566
	locus.41567
	locus.41568
	locus.41570
	locus.41572
	locus.41573
	locus.41575
	locus.41576
	locus.41578
	locus.41579
	locus.41580
	locus.41581
	locus.41582
	locus.41583
	locus.41584
	locus.41585
	locus.41586
	locus.41587
	locus.41588
	locus.41589
	locus.41590
	locus.41591
	locus.41592
	locus.41593
	locus.41595
	locus.41597
	locus.41598
	locus.41599
	locus.41600
	locus.41601
	locus.41602
	locus.41603
	locus.41604
	locus.41606
	locus.41607
	locus.41608
	locus.41610
	locus.41614
	locus.41615
	locus.41616
	locus.41617
	locus.41618
	locus.41619
	locus.41620
	locus.41621
	locus.41622
	locus.41624
	locus.41625
	locus.41626
	locus.41627
	locus.41628
	locus.41629
	locus.41630
	locus.41631
	locus.41633
	locus.41634
	locus.41635
	locus.41636
	locus.41637
	locus.41638
	locus.41641
	locus.41642
	locus.41643
	locus.41644
	locus.41647
	locus.41648
	locus.41650
	locus.41652
	locus.41653
	locus.41654
	locus.41655
	locus.41657
	locus.41659
	locus.41660
	locus.41661
	locus.41662
	locus.41663
	locus.41664
	locus.41665
	locus.41666
	locus.41668
	locus.41669
	locus.41670
	locus.41671
	locus.41672
	locus.41674
	locus.41676
	locus.41677
	locus.41678
	locus.41679
	locus.41681
	locus.41682
	locus.41683
	locus.41685
	locus.41687
	locus.41689
	locus.41690
	locus.41692
	locus.41693
	locus.41694
	locus.41695
	locus.41696
	locus.41698
	locus.41699
	locus.41700
	locus.41701
	locus.41702
	locus.41703
	locus.41706
	locus.41707
	locus.41708
	locus.41709
	locus.41710
	locus.41711
	locus.41713
	locus.41714
	locus.41715
	locus.41716
	locus.41717
	locus.41718
	locus.41719
	locus.41720
	locus.41721
	locus.41722
	locus.41723
	locus.41724
	locus.41725
	locus.41726
	locus.41727
	locus.41728
	locus.41729
	locus.41730
	locus.41731
	locus.41733
	locus.41734
	locus.41735
	locus.41736
	locus.41739
	locus.41740
	locus.41741
	locus.41742
	locus.41743
	locus.41744
	locus.41745
	locus.41746
	locus.41747
	locus.41748
	locus.41750
	locus.41751
	locus.41752
	locus.41754
	locus.41755
	locus.41758
	locus.41760
	locus.41761
	locus.41762
	locus.41764
	locus.41766
	locus.41768
	locus.41769
	locus.41770
	locus.41771
	locus.41772
	locus.41773
	locus.41774
	locus.41775
	locus.41776
	locus.41777
	locus.41778
	locus.41780
	locus.41782
	locus.41783
	locus.41784
	locus.41785
	locus.41786
	locus.41787
	locus.41788
	locus.41789
	locus.41790
	locus.41791
	locus.41793
	locus.41794
	locus.41795
	locus.41796
	locus.41798
	locus.41799
	locus.41800
	locus.41802
	locus.41804
	locus.41805
	locus.41806
	locus.41808
	locus.41811
	locus.41812
	locus.41813
	locus.41815
	locus.41817
	locus.41818
	locus.41819
	locus.41820
	locus.41821
	locus.41823
	locus.41824
	locus.41825
	locus.41826
	locus.41827
	locus.41828
	locus.41830
	locus.41831
	locus.41832
	locus.41833
	locus.41834
	locus.41835
	locus.41836
	locus.41837
	locus.41838
	locus.41839
	locus.41842
	locus.41845
	locus.41847
	locus.41849
	locus.41850
	locus.41852
	locus.41853
	locus.41854
	locus.41855
	locus.41857
	locus.41858
	locus.41860
	locus.41861
	locus.41862
	locus.41864
	locus.41866
	locus.41869
	locus.41870
	locus.41873
	locus.41874
	locus.41875
	locus.41877
	locus.41879
	locus.41880
	locus.41881
	locus.41882
	locus.41883
	locus.41884
	locus.41885
	locus.41886
	locus.41887
	locus.41888
	locus.41889
	locus.41890
	locus.41891
	locus.41892
	locus.41893
	locus.41894
	locus.41895
	locus.41897
	locus.41898
	locus.41899
	locus.41900
	locus.41901
	locus.41904
	locus.41905
	locus.41906
	locus.41907
	locus.41908
	locus.41910
	locus.41911
	locus.41912
	locus.41913
	locus.41914
	locus.41915
	locus.41916
	locus.41917
	locus.41919
	locus.41920
	locus.41921
	locus.41922
	locus.41924
	locus.41925
	locus.41926
	locus.41927
	locus.41930
	locus.41931
	locus.41932
	locus.41933
	locus.41934
	locus.41935
	locus.41937
	locus.41939
	locus.41940
	locus.41943
	locus.41944
	locus.41945
	locus.41946
	locus.41947
	locus.41949
	locus.41951
	locus.41952
	locus.41953
	locus.41955
	locus.41957
	locus.41958
	locus.41959
	locus.41961
	locus.41962
	locus.41964
	locus.41966
	locus.41967
	locus.41969
	locus.41970
	locus.41971
	locus.41972
	locus.41976
	locus.41978
	locus.41979
	locus.41980
	locus.41981
	locus.41982
	locus.41983
	locus.41984
	locus.41985
	locus.41986
	locus.41987
	locus.41989
	locus.41990
	locus.41991
	locus.41993
	locus.41994
	locus.41995
	locus.41996
	locus.41997
	locus.41998
	locus.41999
	locus.42000
	locus.42001
	locus.42002
	locus.42004
	locus.42005
	locus.42007
	locus.42008
	locus.42009
	locus.42010
	locus.42012
	locus.42013
	locus.42014
	locus.42015
	locus.42016
	locus.42017
	locus.42018
	locus.42019
	locus.42023
	locus.42024
	locus.42027
	locus.42028
	locus.42029
	locus.42030
	locus.42031
	locus.42032
	locus.42035
	locus.42036
	locus.42037
	locus.42038
	locus.42039
	locus.42040
	locus.42041
	locus.42042
	locus.42044
	locus.42045
	locus.42046
	locus.42048
	locus.42050
	locus.42051
	locus.42052
	locus.42053
	locus.42054
	locus.42055
	locus.42056
	locus.42057
	locus.42059
	locus.42060
	locus.42061
	locus.42064
	locus.42065
	locus.42066
	locus.42068
	locus.42069
	locus.42071
	locus.42072
	locus.42073
	locus.42074
	locus.42075
	locus.42076
	locus.42078
	locus.42079
	locus.42080
	locus.42083
	locus.42084
	locus.42087
	locus.42088
	locus.42091
	locus.42092
	locus.42093
	locus.42095
	locus.42097
	locus.42098
	locus.42099
	locus.42100
	locus.42104
	locus.42105
	locus.42107
	locus.42108
	locus.42111
	locus.42112
	locus.42114
	locus.42115
	locus.42116
	locus.42117
	locus.42118
	locus.42119
	locus.42120
	locus.42121
	locus.42122
	locus.42123
	locus.42124
	locus.42125
	locus.42127
	locus.42128
	locus.42129
	locus.42130
	locus.42131
	locus.42132
	locus.42133
	locus.42134
	locus.42135
	locus.42136
	locus.42137
	locus.42138
	locus.42139
	locus.42140
	locus.42141
	locus.42142
	locus.42143
	locus.42145
	locus.42146
	locus.42147
	locus.42148
	locus.42150
	locus.42151
	locus.42153
	locus.42154
	locus.42155
	locus.42156
	locus.42157
	locus.42160
	locus.42161
	locus.42162
	locus.42163
	locus.42164
	locus.42167
	locus.42169
	locus.42170
	locus.42171
	locus.42172
	locus.42173
	locus.42174
	locus.42175
	locus.42176
	locus.42177
	locus.42178
	locus.42180
	locus.42181
	locus.42182
	locus.42183
	locus.42185
	locus.42186
	locus.42187
	locus.42189
	locus.42190
	locus.42191
	locus.42192
	locus.42193
	locus.42195
	locus.42197
	locus.42198
	locus.42201
	locus.42202
	locus.42203
	locus.42205
	locus.42206
	locus.42208
	locus.42209
	locus.42210
	locus.42211
	locus.42212
	locus.42214
	locus.42215
	locus.42216
	locus.42217
	locus.42218
	locus.42219
	locus.42220
	locus.42221
	locus.42224
	locus.42226
	locus.42227
	locus.42228
	locus.42229
	locus.42231
	locus.42232
	locus.42233
	locus.42234
	locus.42235
	locus.42237
	locus.42238
	locus.42239
	locus.42241
	locus.42242
	locus.42243
	locus.42244
	locus.42245
	locus.42246
	locus.42247
	locus.42248
	locus.42249
	locus.42250
	locus.42252
	locus.42253
	locus.42255
	locus.42256
	locus.42257
	locus.42258
	locus.42259
	locus.42261
	locus.42262
	locus.42263
	locus.42264
	locus.42266
	locus.42267
	locus.42268
	locus.42269
	locus.42272
	locus.42274
	locus.42276
	locus.42277
	locus.42279
	locus.42281
	locus.42282
	locus.42284
	locus.42285
	locus.42287
	locus.42288
	locus.42290
	locus.42292
	locus.42293
	locus.42294
	locus.42295
	locus.42296
	locus.42297
	locus.42298
	locus.42299
	locus.42300
	locus.42301
	locus.42302
	locus.42303
	locus.42304
	locus.42306
	locus.42307
	locus.42308
	locus.42309
	locus.42310
	locus.42311
	locus.42312
	locus.42313
	locus.42315
	locus.42316
	locus.42317
	locus.42318
	locus.42319
	locus.42320
	locus.42321
	locus.42323
	locus.42325
	locus.42326
	locus.42327
	locus.42328
	locus.42329
	locus.42330
	locus.42331
	locus.42332
	locus.42333
	locus.42334
	locus.42335
	locus.42336
	locus.42337
	locus.42338
	locus.42339
	locus.42342
	locus.42344
	locus.42345
	locus.42346
	locus.42347
	locus.42348
	locus.42349
	locus.42350
	locus.42352
	locus.42354
	locus.42355
	locus.42357
	locus.42359
	locus.42360
	locus.42361
	locus.42363
	locus.42365
	locus.42368
	locus.42372
	locus.42374
	locus.42375
	locus.42379
	locus.42380
	locus.42381
	locus.42382
	locus.42383
	locus.42384
	locus.42385
	locus.42389
	locus.42390
	locus.42391
	locus.42392
	locus.42393
	locus.42394
	locus.42396
	locus.42397
	locus.42398
	locus.42399
	locus.42400
	locus.42401
	locus.42403
	locus.42404
	locus.42405
	locus.42406
	locus.42407
	locus.42408
	locus.42409
	locus.42410
	locus.42411
	locus.42412
	locus.42413
	locus.42414
	locus.42415
	locus.42416
	locus.42417
	locus.42418
	locus.42420
	locus.42423
	locus.42424
	locus.42426
	locus.42427
	locus.42428
	locus.42429
	locus.42430
	locus.42431
	locus.42432
	locus.42433
	locus.42434
	locus.42435
	locus.42436
	locus.42438
	locus.42440
	locus.42441
	locus.42442
	locus.42443
	locus.42445
	locus.42446
	locus.42447
	locus.42449
	locus.42450
	locus.42451
	locus.42452
	locus.42453
	locus.42454
	locus.42455
	locus.42456
	locus.42457
	locus.42458
	locus.42459
	locus.42460
	locus.42463
	locus.42464
	locus.42466
	locus.42467
	locus.42468
	locus.42469
	locus.42470
	locus.42471
	locus.42472
	locus.42473
	locus.42474
	locus.42475
	locus.42476
	locus.42477
	locus.42479
	locus.42480
	locus.42482
	locus.42483
	locus.42484
	locus.42485
	locus.42486
	locus.42487
	locus.42820
	locus.42894
	locus.42902
	locus.42939
	locus.43036
	locus.43048
	locus.43089
	locus.43764
	locus.43812
	locus.44118
	locus.44191
	locus.44197
	locus.44340
	locus.44628
	locus.44741
	locus.44743
	locus.44749
	locus.44754
	locus.44758
	locus.44765
	locus.44768
	locus.44769
	locus.44772
	locus.44779
	locus.44780
	locus.44784
	locus.44785
	locus.44791
	locus.44799
	locus.44811
	locus.44815
	locus.44819
	locus.44824
	locus.44836
	locus.44839
	locus.44840
	locus.44850
	locus.44857
	locus.44858
	locus.44863
	locus.44866
	locus.44867
	locus.44869
	locus.44871
	locus.44887
	locus.44890
	locus.44891
	locus.44895
	locus.44897
	locus.44898
	locus.44908
	locus.44914
	locus.44917
	locus.44928
	locus.44932
	locus.44946
	locus.44965
	locus.44975
	locus.44985
	locus.44994
	locus.44995
	locus.44998
	locus.45016
	locus.45018
	locus.45024
	locus.45027
	locus.45042
	locus.45071
	locus.45073
	locus.45080
	locus.45083
	locus.45088
	locus.45092
	locus.45099
	locus.45101
	locus.45104
	locus.45113
	locus.45114
	locus.45117
	locus.45119
	locus.45130
	locus.45139
	locus.45141
	locus.45142
	locus.45143
	locus.45144
	locus.45146
	locus.45150
	locus.45151
	locus.45152
	locus.45155
	locus.45156
	locus.45157
	locus.45159
	locus.45160
	locus.45162
	locus.45164
	locus.45165
	locus.45166
	locus.45169
	locus.45170
	locus.45171
	locus.45172
	locus.45173
	locus.45175
	locus.45176
	locus.45178
	locus.45179
	locus.45180
	locus.45181
	locus.45184
	locus.45185
	locus.45186
	locus.45187
	locus.45188
	locus.45189
	locus.45190
	locus.45191
	locus.45192
	locus.45193
	locus.45195
	locus.45196
	locus.45197
	locus.45198
	locus.45199
	locus.45202
	locus.45203
	locus.45204
	locus.45205
	locus.45207
	locus.45208
	locus.45209
	locus.45212
	locus.45213
	locus.45215
	locus.45216
	locus.45217
	locus.45218
	locus.45219
	locus.45221
	locus.45222
	locus.45224
	locus.45226
	locus.45228
	locus.45229
	locus.45231
	locus.45232
	locus.45233
	locus.45235
	locus.45236
	locus.45237
	locus.45238
	locus.45240
	locus.45242
	locus.45243
	locus.45244
	locus.45245
	locus.45247
	locus.45248
	locus.45249
	locus.45252
	locus.45253
	locus.45254
	locus.45255
	locus.45258
	locus.45259
	locus.45260
	locus.45261
	locus.45262
	locus.45264
	locus.45265
	locus.45266
	locus.45268
	locus.45269
	locus.45270
	locus.45271
	locus.45272
	locus.45273
	locus.45274
	locus.45275
	locus.45276
	locus.45277
	locus.45278
	locus.45279
	locus.45280
	locus.45283
	locus.45284
	locus.45288
	locus.45292
	locus.45293
	locus.45294
	locus.45296
	locus.45297
	locus.45298
	locus.45299
	locus.45300
	locus.45301
	locus.45303
	locus.45305
	locus.45306
	locus.45308
	locus.45309
	locus.45310
	locus.45314
	locus.45315
	locus.45316
	locus.45317
	locus.45318
	locus.45319
	locus.45321
	locus.45324
	locus.45325
	locus.45327
	locus.45328
	locus.45329
	locus.45330
	locus.45331
	locus.45332
	locus.45333
	locus.45334
	locus.45336
	locus.45337
	locus.45338
	locus.45339
	locus.45340
	locus.45341
	locus.45343
	locus.45344
	locus.45345
	locus.45346
	locus.45347
	locus.45348
	locus.45349
	locus.45351
	locus.45352
	locus.45353
	locus.45354
	locus.45355
	locus.45357
	locus.45358
	locus.45361
	locus.45362
	locus.45363
	locus.45364
	locus.45365
	locus.45366
	locus.45369
	locus.45370
	locus.45371
	locus.45372
	locus.45374
	locus.45375
	locus.45376
	locus.45377
	locus.45378
	locus.45381
	locus.45382
	locus.45383
	locus.45385
	locus.45387
	locus.45388
	locus.45391
	locus.45393
	locus.45394
	locus.45395
	locus.45396
	locus.45398
	locus.45399
	locus.45400
	locus.45401
	locus.45402
	locus.45403
	locus.45404
	locus.45405
	locus.45406
	locus.45407
	locus.45408
	locus.45409
	locus.45410
	locus.45412
	locus.45413
	locus.45414
	locus.45415
	locus.45416
	locus.45417
	locus.45419
	locus.45420
	locus.45421
	locus.45423
	locus.45424
	locus.45425
	locus.45426
	locus.45427
	locus.45428
	locus.45429
	locus.45430
	locus.45431
	locus.45433
	locus.45434
	locus.45436
	locus.45437
	locus.45440
	locus.45441
	locus.45443
	locus.45446
	locus.45448
	locus.45449
	locus.45451
	locus.45452
	locus.45453
	locus.45455
	locus.45457
	locus.45458
	locus.45460
	locus.45461
	locus.45462
	locus.45463
	locus.45464
	locus.45465
	locus.45466
	locus.45468
	locus.45469
	locus.45470
	locus.45471
	locus.45472
	locus.45473
	locus.45474
	locus.45475
	locus.45477
	locus.45478
	locus.45479
	locus.45480
	locus.45481
	locus.45484
	locus.45485
	locus.45488
	locus.45492
	locus.45493
	locus.45494
	locus.45496
	locus.45497
	locus.45499
	locus.45500
	locus.45501
	locus.45502
	locus.45503
	locus.45504
	locus.45505
	locus.45506
	locus.45507
	locus.45508
	locus.45509
	locus.45510
	locus.45511
	locus.45512
	locus.45513
	locus.45514
	locus.45515
	locus.45516
	locus.45517
	locus.45518
	locus.45519
	locus.45522
	locus.45524
	locus.45526
	locus.45527
	locus.45528
	locus.45529
	locus.45531
	locus.45532
	locus.45534
	locus.45535
	locus.45536
	locus.45539
	locus.45540
	locus.45541
	locus.45544
	locus.45545
	locus.45546
	locus.45548
	locus.45549
	locus.45550
	locus.45551
	locus.45552
	locus.45553
	locus.45554
	locus.45555
	locus.45557
	locus.45558
	locus.45560
	locus.45562
	locus.45563
	locus.45564
	locus.45565
	locus.45566
	locus.45567
	locus.45569
	locus.45570
	locus.45571
	locus.45572
	locus.45573
	locus.45574
	locus.45576
	locus.45577
	locus.45578
	locus.45579
	locus.45580
	locus.45581
	locus.45582
	locus.45583
	locus.45584
	locus.45586
	locus.45587
	locus.45589
	locus.45590
	locus.45591
	locus.45596
	locus.45597
	locus.45598
	locus.45599
	locus.45600
	locus.45601
	locus.45603
	locus.45604
	locus.45605
	locus.45607
	locus.45608
	locus.45609
	locus.45611
	locus.45612
	locus.45613
	locus.45614
	locus.45616
	locus.45617
	locus.45621
	locus.45623
	locus.45624
	locus.45627
	locus.45628
	locus.45629
	locus.45630
	locus.45631
	locus.45632
	locus.45633
	locus.45634
	locus.45635
	locus.45636
	locus.45638
	locus.45639
	locus.45640
	locus.45642
	locus.45643
	locus.45644
	locus.45645
	locus.45646
	locus.45648
	locus.45649
	locus.45650
	locus.45652
	locus.45653
	locus.45654
	locus.45655
	locus.45656
	locus.45658
	locus.45659
	locus.45660
	locus.45661
	locus.45662
	locus.45663
	locus.45664
	locus.45665
	locus.45666
	locus.45667
	locus.45670
	locus.45671
	locus.45672
	locus.45673
	locus.45675
	locus.45677
	locus.45678
	locus.45679
	locus.45680
	locus.45681
	locus.45682
	locus.45683
	locus.45684
	locus.45685
	locus.45686
	locus.45687
	locus.45688
	locus.45689
	locus.45690
	locus.45692
	locus.45695
	locus.45696
	locus.45697
	locus.45698
	locus.45699
	locus.45700
	locus.45701
	locus.45702
	locus.45703
	locus.45704
	locus.45705
	locus.45706
	locus.45707
	locus.45708
	locus.45711
	locus.45713
	locus.45714
	locus.45715
	locus.45717
	locus.45718
	locus.45719
	locus.45720
	locus.45721
	locus.45722
	locus.45723
	locus.45728
	locus.45730
	locus.45731
	locus.45733
	locus.45734
	locus.45735
	locus.45736
	locus.45737
	locus.45738
	locus.45740
	locus.45741
	locus.45742
	locus.45744
	locus.45745
	locus.45746
	locus.45747
	locus.45750
	locus.45751
	locus.45752
	locus.45753
	locus.45754
	locus.45757
	locus.45758
	locus.45759
	locus.45760
	locus.45761
	locus.45762
	locus.45763
	locus.45764
	locus.45765
	locus.45766
	locus.45767
	locus.45768
	locus.45769
	locus.45770
	locus.45771
	locus.45772
	locus.45773
	locus.45774
	locus.45775
	locus.45776
	locus.45778
	locus.45780
	locus.45781
	locus.45782
	locus.45784
	locus.45785
	locus.45786
	locus.45787
	locus.45788
	locus.45791
	locus.45792
	locus.45794
	locus.45796
	locus.45797
	locus.45798
	locus.45799
	locus.45800
	locus.45801
	locus.45803
	locus.45804
	locus.45805
	locus.45806
	locus.45807
	locus.45808
	locus.45809
	locus.45811
	locus.45813
	locus.45814
	locus.45815
	locus.45816
	locus.45817
	locus.45818
	locus.45819
	locus.45820
	locus.45821
	locus.45823
	locus.45825
	locus.45826
	locus.45827
	locus.45828
	locus.45829
	locus.45830
	locus.45835
	locus.45836
	locus.45837
	locus.45838
	locus.45840
	locus.45841
	locus.45842
	locus.45844
	locus.45846
	locus.45847
	locus.45848
	locus.45849
	locus.45850
	locus.45851
	locus.45852
	locus.45853
	locus.45854
	locus.45855
	locus.45856
	locus.45857
	locus.45858
	locus.45859
	locus.45861
	locus.45864
	locus.45865
	locus.45866
	locus.45867
	locus.45868
	locus.45869
	locus.45870
	locus.45871
	locus.45872
	locus.45873
	locus.45874
	locus.45875
	locus.45876
	locus.45877
	locus.45878
	locus.45879
	locus.45883
	locus.45920
	locus.46003
	locus.46134
	locus.46135
	locus.46138
	locus.46143
	locus.46147
	locus.46149
	locus.46155
	locus.46156
	locus.46157
	locus.46158
	locus.46159
	locus.46162
	locus.46171
	locus.46178
	locus.46180
	locus.46189
	locus.46190
	locus.46193
	locus.46251
	locus.46288
	locus.46295
	locus.46296
	locus.46331
	locus.46346
	locus.46347
	locus.46362
	locus.46367
	locus.46378
	locus.46394
	locus.46397
	locus.46409
	locus.46422
	locus.46513
	locus.46609
	locus.46611
	locus.46612
	locus.46613
	locus.46614
	locus.46615
	locus.46616
	locus.46617
	locus.46619
	locus.46620
	locus.46621
	locus.46623
	locus.46624
	locus.46625
	locus.46626
	locus.46627
	locus.46628
	locus.46630
	locus.46631
	locus.46632
	locus.46633
	locus.46634
	locus.46635
	locus.46637
	locus.46638
	locus.46639
	locus.46640
	locus.46641
	locus.46642
	locus.46644
	locus.46645
	locus.46646
	locus.46649
	locus.46650
	locus.46652
	locus.46653
	locus.46656
	locus.46658
	locus.46661
	locus.46663
	locus.46664
	locus.46666
	locus.46669
	locus.46672
	locus.46673
	locus.46674
	locus.46675
	locus.46676
	locus.46677
	locus.46678
	locus.46681
	locus.46682
	locus.46683
	locus.46684
	locus.46685
	locus.46686
	locus.46687
	locus.46689
	locus.46690
	locus.46691
	locus.46693
	locus.46694
	locus.46695
	locus.46696
	locus.46698
	locus.46699
	locus.46701
	locus.46702
	locus.46704
	locus.46705
	locus.46706
	locus.46707
	locus.46709
	locus.46710
	locus.46712
	locus.46713
	locus.46714
	locus.46716
	locus.46717
	locus.46718
	locus.46720
	locus.46721
	locus.46722
	locus.46724
	locus.46725
	locus.46726
	locus.46727
	locus.46728
	locus.46729
	locus.46731
	locus.46732
	locus.46733
	locus.46735
	locus.46736
	locus.46737
	locus.46738
	locus.46741
	locus.46742
	locus.46743
	locus.46744
	locus.46745
	locus.46746
	locus.46747
	locus.46749
	locus.46750
	locus.46751
	locus.46754
	locus.46756
	locus.46758
	locus.46759
	locus.46762
	locus.46764
	locus.46766
	locus.46767
	locus.46769
	locus.46771
	locus.46772
	locus.46774
	locus.46775
	locus.46776
	locus.46777
	locus.46778
	locus.46779
	locus.46784
	locus.46785
	locus.46786
	locus.46789
	locus.46790
	locus.46791
	locus.46792
	locus.46793
	locus.46795
	locus.47119
	locus.47135
	locus.47178
	locus.47279
	locus.47282
	locus.47339
	locus.47481
	locus.47565
	locus.47610
	locus.48060
	locus.48461
	locus.49236
	locus.49243
	locus.49383
	locus.50041
	locus.50238
	locus.50770
	locus.51234
	locus.51362
	locus.51459
	locus.51525
	locus.51792
	locus.51919
	locus.52033
	locus.52325
	locus.52396
	locus.52498
	locus.52514
	locus.52554
	locus.52562
	locus.52615
	locus.52784
	locus.52787
	locus.52789
	locus.52792
	locus.52812
	locus.52822
	locus.52831
	locus.52834
	locus.52859
	locus.53229
	locus.53449
	locus.53475
	locus.53476
	locus.53480
	locus.53486
	locus.53489
	locus.53496
	locus.53508
	locus.53603
	locus.53764
	locus.53825
	locus.53826
	locus.53849
	locus.53925
	locus.54113
	locus.54120
	locus.54141
	locus.54165
	locus.54197
	locus.54262
	locus.54421
	locus.54508
	locus.54625
	locus.54630
	locus.54696
	locus.54716
	locus.54739
	locus.54749
	locus.54786
	locus.54828
	locus.54914
	locus.54917
	locus.54926
	locus.54957
	locus.54965
	locus.54967
	locus.54976
	locus.54977
	locus.54987
	locus.54989
	locus.54996
	locus.55004
	locus.55029
	locus.55036
	locus.55064
	locus.55077
	locus.55102
	locus.55110
	locus.55113
	locus.55115
	locus.55116
	locus.55118
	locus.55173
	locus.55182
	locus.55190
	locus.55196
	locus.55206
	locus.55209
	locus.55211
	locus.55228
	locus.55233
	locus.55246
	locus.55266
	locus.55273
	locus.55288
	locus.55306
	locus.55309
	locus.55318
	locus.55333
	locus.55341
	locus.55342
	locus.55347
	locus.55349
	locus.55378
	locus.55381
	locus.55392
	locus.55395
	locus.55415
	locus.55439
	locus.55448
	locus.55461
	locus.55478
	locus.55485
	locus.55513
	locus.55514
	locus.55543
	locus.55583
	locus.55585
	locus.55591
	locus.55594
	locus.55614
	locus.55633
	locus.55635
	locus.55643
	locus.55649
	locus.55659
	locus.55661
	locus.55682
	locus.55695
	locus.55725
	locus.55732
	locus.55742
	locus.55751
	locus.55756
	locus.55779
	locus.55801
	locus.55806
	locus.55860
	locus.55863
	locus.55893
	locus.55926
	locus.55928
	locus.55932
	locus.55937
	locus.55943
	locus.55954
	locus.55955
	locus.55959
	locus.55960
	locus.55967
	locus.55969
	locus.55974
	locus.55983
	locus.55984
	locus.55986
	locus.56000
	locus.56004
	locus.56029
	locus.56030
	locus.56056
	locus.56062
	locus.56065
	locus.56079
	locus.56101
	locus.56115
	locus.56128
	locus.56148
	locus.56154
	locus.56155
	locus.56159
	locus.56164
	locus.56167
	locus.56170
	locus.56177
	locus.56198
	locus.56202
	locus.56235
	locus.56241
	locus.56259
	locus.56266
	locus.56270
	locus.56273
	locus.56275
	locus.56280
	locus.56291
	locus.56293
	locus.56295
	locus.56307
	locus.56311
	locus.56314
	locus.56323
	locus.56331
	locus.56342
	locus.56356
	locus.56359
	locus.56363
	locus.56367
	locus.56376
	locus.56380
	locus.56392
	locus.56396
	locus.56397
	locus.56412
	locus.56414
	locus.56415
	locus.56416
	locus.56426
	locus.56427
	locus.56429
	locus.56457
	locus.56465
	locus.56473
	locus.56507
	locus.56510
	locus.56518
	locus.56526
	locus.56535
	locus.56566
	locus.56569
	locus.56571
	locus.56583
	locus.56611
	locus.56620
	locus.56645
	locus.56667
	locus.56672
	locus.56679
	locus.56686
	locus.56715
	locus.56758
	locus.56787
	locus.56796
	locus.56829
	locus.56838
	locus.56854
	locus.56861
	locus.56872
	locus.56882
	locus.56936
	locus.56960
	locus.56979
	locus.56984
	locus.56993
	locus.57000
	locus.57003
	locus.57006
	locus.57041
	locus.57051
	locus.57081
	locus.57092
	locus.57147
	locus.57194
	locus.57224
	locus.57228
	locus.57233
	locus.57256
	locus.57271
	locus.57340
	locus.57390
	locus.57398
	locus.57399
	locus.57440
	locus.57457
	locus.57464
	locus.57477
	locus.57486
	locus.57491
	locus.57501
	locus.57518
	locus.57528
	locus.57552
	locus.57557
	locus.57564
	locus.57567
	locus.57620
	locus.57710
	locus.57712
	locus.57723
	locus.57739
	locus.57754
	locus.57761
	locus.57765
	locus.57799
	locus.57818
	locus.57825
	locus.57851
	locus.57890
	locus.57896
	locus.57927
	locus.58007
	locus.58008
	locus.58015
	locus.58055
	locus.58079
	locus.58080
	locus.58098
	locus.58199
	locus.58215
	locus.58244
	locus.58363
	locus.58365
	locus.58460
	locus.58472
	locus.58474
	locus.58483
	locus.58540
	locus.58550
	locus.58551
	locus.58577
	locus.58618
	locus.58647
	locus.58654
	locus.58687
	locus.58747
	locus.58836
	locus.58842
	locus.58852
	locus.58885
